<?xml version="1.0" encoding="UTF-8"?>
<!-- Generated by org.testng.reporters.JUnitReportReporter -->
<testsuite skipped="2" hostname="PARVEZBS01" name="testsuite.UItestsuite$DssPortalMain" tests="3" failures="0" timestamp="05 Dec 2018 03:55:24 GMT" time="73.189" errors="1">
  <testcase name="setup" time="73.189" classname="testsuite.UItestsuite$DssPortalMain">
    <error type="java.lang.NullPointerException">
      <![CDATA[java.lang.NullPointerException
at Operations.PageOps.openBrowser(PageOps.java:57)
at testsuite.UItestsuite$DssPortalMain.setup(UItestsuite.java:44)
at sun.reflect.NativeMethodAccessorImpl.invoke0(Native Method)
at sun.reflect.NativeMethodAccessorImpl.invoke(Unknown Source)
at sun.reflect.DelegatingMethodAccessorImpl.invoke(Unknown Source)
at java.lang.reflect.Method.invoke(Unknown Source)
at org.testng.internal.MethodInvocationHelper.invokeMethod(MethodInvocationHelper.java:124)
at org.testng.internal.MethodInvocationHelper.invokeMethodConsideringTimeout(MethodInvocationHelper.java:59)
at org.testng.internal.Invoker.invokeConfigurationMethod(Invoker.java:458)
at org.testng.internal.Invoker.invokeConfigurations(Invoker.java:222)
at org.testng.internal.Invoker.invokeConfigurations(Invoker.java:142)
at org.testng.TestRunner.beforeRun(TestRunner.java:529)
at org.testng.TestRunner.run(TestRunner.java:497)
at org.testng.SuiteRunner.runTest(SuiteRunner.java:455)
at org.testng.SuiteRunner.runSequentially(SuiteRunner.java:450)
at org.testng.SuiteRunner.privateRun(SuiteRunner.java:415)
at org.testng.SuiteRunner.run(SuiteRunner.java:364)
at org.testng.SuiteRunnerWorker.runSuite(SuiteRunnerWorker.java:52)
at org.testng.SuiteRunnerWorker.run(SuiteRunnerWorker.java:84)
at org.testng.TestNG.runSuitesSequentially(TestNG.java:1208)
at org.testng.TestNG.runSuitesLocally(TestNG.java:1137)
at org.testng.TestNG.runSuites(TestNG.java:1049)
at org.testng.TestNG.run(TestNG.java:1017)
at org.testng.remote.AbstractRemoteTestNG.run(AbstractRemoteTestNG.java:114)
at org.testng.remote.RemoteTestNG.initAndRun(RemoteTestNG.java:251)
at org.testng.remote.RemoteTestNG.main(RemoteTestNG.java:77)
]]>
    </error>
  </testcase> <!-- setup -->
  <testcase name="TC1_Luanch_Emirates_Travel_Website" time="0.000" classname="testsuite.UItestsuite$DssPortalMain">
    <skipped/>
  </testcase> <!-- TC1_Luanch_Emirates_Travel_Website -->
  <testcase name="TC2_Check_Available_Tickets" time="0.000" classname="testsuite.UItestsuite$DssPortalMain">
    <skipped/>
  </testcase> <!-- TC2_Check_Available_Tickets -->
</testsuite> <!-- testsuite.UItestsuite$DssPortalMain -->
